0 verbose cli C:\Program Files\nodejs\node.exe C:\Users\steve\AppData\Roaming\npm\node_modules\npm\bin\npm-cli.js
1 info using npm@10.2.1
2 info using node@v22.14.0
3 timing npm:load:whichnode Completed in 2ms
4 timing config:load:defaults Completed in 1ms
5 timing config:load:file:C:\Users\steve\AppData\Roaming\npm\node_modules\npm\npmrc Completed in 4ms
6 timing config:load:builtin Completed in 4ms
7 timing config:load:cli Completed in 2ms
8 timing config:load:env Completed in 0ms
9 timing config:load:file:C:\Users\steve\Code\social_stream\.npmrc Completed in 0ms
10 timing config:load:project Completed in 1ms
11 timing config:load:file:C:\Users\steve\.npmrc Completed in 0ms
12 timing config:load:user Completed in 0ms
13 timing config:load:file:C:\Users\steve\AppData\Roaming\npm\etc\npmrc Completed in 1ms
14 timing config:load:global Completed in 1ms
15 timing config:load:setEnvs Completed in 0ms
16 timing config:load Completed in 10ms
17 timing npm:load:configload Completed in 10ms
18 timing config:load:flatten Completed in 2ms
19 timing npm:load:mkdirpcache Completed in 1ms
20 timing npm:load:mkdirplogs Completed in 0ms
21 verbose title npm pack @huggingface/transformers@next
22 verbose argv "pack" "@huggingface/transformers@next"
23 timing npm:load:setTitle Completed in 0ms
24 timing npm:load:display Completed in 1ms
25 verbose logfile logs-max:10 dir:C:\Users\steve\Code\social_stream\.npm-cache\_logs\2026-03-05T02_23_33_025Z-
26 verbose logfile C:\Users\steve\Code\social_stream\.npm-cache\_logs\2026-03-05T02_23_33_025Z-debug-0.log
27 timing npm:load:logFile Completed in 8ms
28 timing npm:load:timers Completed in 0ms
29 timing npm:load:configScope Completed in 1ms
30 timing npm:load Completed in 33ms
31 silly logfile done cleaning log files
32 timing command:pack Completed in 70089ms
33 verbose type system
34 verbose stack FetchError: request to https://registry.npmjs.org/@huggingface%2ftransformers failed, reason: 
34 verbose stack     at ClientRequest.<anonymous> (C:\Users\steve\AppData\Roaming\npm\node_modules\npm\node_modules\minipass-fetch\lib\index.js:130:14)
34 verbose stack     at ClientRequest.emit (node:events:518:28)
34 verbose stack     at emitErrorEvent (node:_http_client:104:11)
34 verbose stack     at _destroy (node:_http_client:898:9)
34 verbose stack     at onSocketNT (node:_http_client:918:5)
34 verbose stack     at process.processTicksAndRejections (node:internal/process/task_queues:91:21)
35 verbose cwd C:\Users\steve\Code\social_stream
36 verbose Windows_NT 10.0.26200
37 verbose node v22.14.0
38 verbose npm  v10.2.1
39 error code EACCES
40 error errno EACCES
41 error FetchError: request to https://registry.npmjs.org/@huggingface%2ftransformers failed, reason: 
41 error     at ClientRequest.<anonymous> (C:\Users\steve\AppData\Roaming\npm\node_modules\npm\node_modules\minipass-fetch\lib\index.js:130:14)
41 error     at ClientRequest.emit (node:events:518:28)
41 error     at emitErrorEvent (node:_http_client:104:11)
41 error     at _destroy (node:_http_client:898:9)
41 error     at onSocketNT (node:_http_client:918:5)
41 error     at process.processTicksAndRejections (node:internal/process/task_queues:91:21) {
41 error   code: 'EACCES',
41 error   errno: 'EACCES',
41 error   type: 'system'
41 error }
42 error
42 error The operation was rejected by your operating system.
42 error It's possible that the file was already in use (by a text editor or antivirus),
42 error or that you lack permissions to access it.
42 error
42 error If you believe this might be a permissions issue, please double-check the
42 error permissions of the file and its containing directories, or try running
42 error the command again as root/Administrator.
43 verbose exit 1
44 timing npm Completed in 70468ms
45 verbose code 1
46 error A complete log of this run can be found in: C:\Users\steve\Code\social_stream\.npm-cache\_logs\2026-03-05T02_23_33_025Z-debug-0.log
